[2024-07-08T16:04:43.350+0000] {local_task_job_runner.py:120} INFO - ::group::Pre task execution logs
[2024-07-08T16:04:43.390+0000] {taskinstance.py:2076} INFO - Dependencies all met for dep_context=non-requeueable deps ti=<TaskInstance: etl_store.nds-load manual__2024-07-08T16:04:38.338394+00:00 [queued]>
[2024-07-08T16:04:43.401+0000] {taskinstance.py:2076} INFO - Dependencies all met for dep_context=requeueable deps ti=<TaskInstance: etl_store.nds-load manual__2024-07-08T16:04:38.338394+00:00 [queued]>
[2024-07-08T16:04:43.402+0000] {taskinstance.py:2306} INFO - Starting attempt 1 of 1
[2024-07-08T16:04:43.419+0000] {taskinstance.py:2330} INFO - Executing <Task(PythonOperator): nds-load> on 2024-07-08 16:04:38.338394+00:00
[2024-07-08T16:04:43.426+0000] {warnings.py:112} WARNING - /home/***/.local/lib/python3.12/site-packages/***/task/task_runner/standard_task_runner.py:61: DeprecationWarning: This process (pid=267) is multi-threaded, use of fork() may lead to deadlocks in the child.
  pid = os.fork()

[2024-07-08T16:04:43.427+0000] {standard_task_runner.py:63} INFO - Started process 269 to run task
[2024-07-08T16:04:43.427+0000] {standard_task_runner.py:90} INFO - Running: ['***', 'tasks', 'run', 'etl_store', 'nds-load', 'manual__2024-07-08T16:04:38.338394+00:00', '--job-id', '39', '--raw', '--subdir', 'DAGS_FOLDER/etl_store.py', '--cfg-path', '/tmp/tmp404s0qjo']
[2024-07-08T16:04:43.430+0000] {standard_task_runner.py:91} INFO - Job 39: Subtask nds-load
[2024-07-08T16:04:43.491+0000] {task_command.py:426} INFO - Running <TaskInstance: etl_store.nds-load manual__2024-07-08T16:04:38.338394+00:00 [running]> on host a58d746d8a30
[2024-07-08T16:04:43.592+0000] {taskinstance.py:2648} INFO - Exporting env vars: AIRFLOW_CTX_DAG_OWNER='***' AIRFLOW_CTX_DAG_ID='etl_store' AIRFLOW_CTX_TASK_ID='nds-load' AIRFLOW_CTX_EXECUTION_DATE='2024-07-08T16:04:38.338394+00:00' AIRFLOW_CTX_TRY_NUMBER='1' AIRFLOW_CTX_DAG_RUN_ID='manual__2024-07-08T16:04:38.338394+00:00'
[2024-07-08T16:04:43.593+0000] {taskinstance.py:430} INFO - ::endgroup::
[2024-07-08T16:04:43.634+0000] {base.py:84} INFO - Using connection ID 'postgres-netology' for task execution.
[2024-07-08T16:04:43.736+0000] {base.py:84} INFO - Using connection ID 'postgres-netology' for task execution.
[2024-07-08T16:04:43.827+0000] {base.py:84} INFO - Using connection ID 'postgres-netology' for task execution.
[2024-07-08T16:04:43.907+0000] {base.py:84} INFO - Using connection ID 'postgres-netology' for task execution.
[2024-07-08T16:04:44.008+0000] {base.py:84} INFO - Using connection ID 'postgres-netology' for task execution.
[2024-07-08T16:04:44.095+0000] {base.py:84} INFO - Using connection ID 'postgres-netology' for task execution.
[2024-07-08T16:04:44.185+0000] {base.py:84} INFO - Using connection ID 'postgres-netology' for task execution.
[2024-07-08T16:04:44.229+0000] {base.py:84} INFO - Using connection ID 'postgres-netology' for task execution.
[2024-07-08T16:04:44.382+0000] {python.py:237} INFO - Done. Returned value was: None
[2024-07-08T16:04:44.383+0000] {taskinstance.py:441} INFO - ::group::Post task execution logs
[2024-07-08T16:04:44.396+0000] {taskinstance.py:1206} INFO - Marking task as SUCCESS. dag_id=etl_store, task_id=nds-load, run_id=manual__2024-07-08T16:04:38.338394+00:00, execution_date=20240708T160438, start_date=20240708T160443, end_date=20240708T160444
[2024-07-08T16:04:44.444+0000] {local_task_job_runner.py:240} INFO - Task exited with return code 0
[2024-07-08T16:04:44.459+0000] {warnings.py:112} WARNING - /home/***/.local/lib/python3.12/site-packages/***/models/baseoperator.py:1297: AirflowProviderDeprecationWarning: Call to deprecated class PostgresOperator. (Please use `***.providers.common.sql.operators.sql.SQLExecuteQueryOperator`.Also, you can provide `hook_params={'schema': <database>}`.)
  result = cls.__new__(cls)

[2024-07-08T16:04:44.477+0000] {taskinstance.py:3503} INFO - 1 downstream tasks scheduled from follow-on schedule check
[2024-07-08T16:04:44.481+0000] {local_task_job_runner.py:222} INFO - ::endgroup::
