[2024-07-08T16:33:02.892+0000] {local_task_job_runner.py:120} INFO - ::group::Pre task execution logs
[2024-07-08T16:33:02.928+0000] {taskinstance.py:2076} INFO - Dependencies all met for dep_context=non-requeueable deps ti=<TaskInstance: etl_store.nds-load manual__2024-07-08T16:18:08.118541+00:00 [queued]>
[2024-07-08T16:33:02.939+0000] {taskinstance.py:2076} INFO - Dependencies all met for dep_context=requeueable deps ti=<TaskInstance: etl_store.nds-load manual__2024-07-08T16:18:08.118541+00:00 [queued]>
[2024-07-08T16:33:02.940+0000] {taskinstance.py:2306} INFO - Starting attempt 9 of 9
[2024-07-08T16:33:02.958+0000] {taskinstance.py:2330} INFO - Executing <Task(PythonOperator): nds-load> on 2024-07-08 16:18:08.118541+00:00
[2024-07-08T16:33:02.963+0000] {warnings.py:112} WARNING - /home/***/.local/lib/python3.12/site-packages/***/task/task_runner/standard_task_runner.py:61: DeprecationWarning: This process (pid=752) is multi-threaded, use of fork() may lead to deadlocks in the child.
  pid = os.fork()

[2024-07-08T16:33:02.965+0000] {standard_task_runner.py:63} INFO - Started process 754 to run task
[2024-07-08T16:33:02.965+0000] {standard_task_runner.py:90} INFO - Running: ['***', 'tasks', 'run', 'etl_store', 'nds-load', 'manual__2024-07-08T16:18:08.118541+00:00', '--job-id', '79', '--raw', '--subdir', 'DAGS_FOLDER/etl_store.py', '--cfg-path', '/tmp/tmppbl61ci5']
[2024-07-08T16:33:02.968+0000] {standard_task_runner.py:91} INFO - Job 79: Subtask nds-load
[2024-07-08T16:33:03.028+0000] {task_command.py:426} INFO - Running <TaskInstance: etl_store.nds-load manual__2024-07-08T16:18:08.118541+00:00 [running]> on host a58d746d8a30
[2024-07-08T16:33:03.132+0000] {taskinstance.py:2648} INFO - Exporting env vars: AIRFLOW_CTX_DAG_OWNER='***' AIRFLOW_CTX_DAG_ID='etl_store' AIRFLOW_CTX_TASK_ID='nds-load' AIRFLOW_CTX_EXECUTION_DATE='2024-07-08T16:18:08.118541+00:00' AIRFLOW_CTX_TRY_NUMBER='9' AIRFLOW_CTX_DAG_RUN_ID='manual__2024-07-08T16:18:08.118541+00:00'
[2024-07-08T16:33:03.133+0000] {taskinstance.py:430} INFO - ::endgroup::
[2024-07-08T16:33:03.180+0000] {base.py:84} INFO - Using connection ID 'postgres-netology' for task execution.
[2024-07-08T16:33:03.238+0000] {base.py:84} INFO - Using connection ID 'postgres-netology' for task execution.
[2024-07-08T16:33:03.296+0000] {base.py:84} INFO - Using connection ID 'postgres-netology' for task execution.
[2024-07-08T16:33:03.357+0000] {base.py:84} INFO - Using connection ID 'postgres-netology' for task execution.
[2024-07-08T16:33:03.418+0000] {base.py:84} INFO - Using connection ID 'postgres-netology' for task execution.
[2024-07-08T16:33:03.469+0000] {base.py:84} INFO - Using connection ID 'postgres-netology' for task execution.
[2024-07-08T16:33:03.521+0000] {base.py:84} INFO - Using connection ID 'postgres-netology' for task execution.
[2024-07-08T16:33:03.562+0000] {base.py:84} INFO - Using connection ID 'postgres-netology' for task execution.
[2024-07-08T16:33:03.695+0000] {python.py:237} INFO - Done. Returned value was: None
[2024-07-08T16:33:03.696+0000] {taskinstance.py:441} INFO - ::group::Post task execution logs
[2024-07-08T16:33:03.708+0000] {taskinstance.py:1206} INFO - Marking task as SUCCESS. dag_id=etl_store, task_id=nds-load, run_id=manual__2024-07-08T16:18:08.118541+00:00, execution_date=20240708T161808, start_date=20240708T163302, end_date=20240708T163303
[2024-07-08T16:33:03.741+0000] {local_task_job_runner.py:240} INFO - Task exited with return code 0
[2024-07-08T16:33:03.755+0000] {warnings.py:112} WARNING - /home/***/.local/lib/python3.12/site-packages/***/models/baseoperator.py:1297: AirflowProviderDeprecationWarning: Call to deprecated class PostgresOperator. (Please use `***.providers.common.sql.operators.sql.SQLExecuteQueryOperator`.Also, you can provide `hook_params={'schema': <database>}`.)
  result = cls.__new__(cls)

[2024-07-08T16:33:03.773+0000] {taskinstance.py:3503} INFO - 1 downstream tasks scheduled from follow-on schedule check
[2024-07-08T16:33:03.777+0000] {local_task_job_runner.py:222} INFO - ::endgroup::
