[2024-07-08T16:10:00.697+0000] {local_task_job_runner.py:120} INFO - ::group::Pre task execution logs
[2024-07-08T16:10:00.731+0000] {taskinstance.py:2076} INFO - Dependencies all met for dep_context=non-requeueable deps ti=<TaskInstance: etl_store.dds-load manual__2024-07-08T16:04:38.338394+00:00 [queued]>
[2024-07-08T16:10:00.741+0000] {taskinstance.py:2076} INFO - Dependencies all met for dep_context=requeueable deps ti=<TaskInstance: etl_store.dds-load manual__2024-07-08T16:04:38.338394+00:00 [queued]>
[2024-07-08T16:10:00.743+0000] {taskinstance.py:2306} INFO - Starting attempt 2 of 2
[2024-07-08T16:10:00.757+0000] {taskinstance.py:2330} INFO - Executing <Task(PostgresOperator): dds-load> on 2024-07-08 16:04:38.338394+00:00
[2024-07-08T16:10:00.763+0000] {warnings.py:112} WARNING - /home/***/.local/lib/python3.12/site-packages/***/task/task_runner/standard_task_runner.py:61: DeprecationWarning: This process (pid=349) is multi-threaded, use of fork() may lead to deadlocks in the child.
  pid = os.fork()

[2024-07-08T16:10:00.765+0000] {standard_task_runner.py:63} INFO - Started process 351 to run task
[2024-07-08T16:10:00.765+0000] {standard_task_runner.py:90} INFO - Running: ['***', 'tasks', 'run', 'etl_store', 'dds-load', 'manual__2024-07-08T16:04:38.338394+00:00', '--job-id', '43', '--raw', '--subdir', 'DAGS_FOLDER/etl_store.py', '--cfg-path', '/tmp/tmpv03rl6zr']
[2024-07-08T16:10:00.767+0000] {standard_task_runner.py:91} INFO - Job 43: Subtask dds-load
[2024-07-08T16:10:00.832+0000] {task_command.py:426} INFO - Running <TaskInstance: etl_store.dds-load manual__2024-07-08T16:04:38.338394+00:00 [running]> on host a58d746d8a30
[2024-07-08T16:10:00.950+0000] {taskinstance.py:2648} INFO - Exporting env vars: AIRFLOW_CTX_DAG_OWNER='***' AIRFLOW_CTX_DAG_ID='etl_store' AIRFLOW_CTX_TASK_ID='dds-load' AIRFLOW_CTX_EXECUTION_DATE='2024-07-08T16:04:38.338394+00:00' AIRFLOW_CTX_TRY_NUMBER='2' AIRFLOW_CTX_DAG_RUN_ID='manual__2024-07-08T16:04:38.338394+00:00'
[2024-07-08T16:10:00.953+0000] {taskinstance.py:430} INFO - ::endgroup::
[2024-07-08T16:10:00.966+0000] {sql.py:276} INFO - Executing: 
    insert into dds.dim_branch (branch)
        (select branch from nds.dim_branch where branch not in (select branch from dds.dim_branch));

    insert into dds.dim_city (city)
        (select city from nds.dim_city where city not in (select city from dds.dim_city));

    insert into dds.dim_customer_type (customer_type)
        (select customer_type from nds.dim_customer_type where customer_type not in (select customer_type from dds.dim_customer_type));

    insert into dds.dim_gender (gender)
        (select gender from nds.dim_gender where gender not in (select gender from dds.dim_gender));

    insert into dds.dim_product_line (product_line)
        (select product_line from nds.dim_product_line where product_line not in (select product_line from dds.dim_product_line));
    
    insert into dds.dim_payment (payment)
        (select payment from nds.dim_payment where payment not in (select payment from dds.dim_payment));
[2024-07-08T16:10:00.980+0000] {base.py:84} INFO - Using connection ID 'postgres-netology' for task execution.
[2024-07-08T16:10:00.992+0000] {base.py:84} INFO - Using connection ID 'postgres-netology' for task execution.
[2024-07-08T16:10:01.006+0000] {sql.py:487} INFO - Running statement: 
    insert into dds.dim_branch (branch)
        (select branch from nds.dim_branch where branch not in (select branch from dds.dim_branch));

    insert into dds.dim_city (city)
        (select city from nds.dim_city where city not in (select city from dds.dim_city));

    insert into dds.dim_customer_type (customer_type)
        (select customer_type from nds.dim_customer_type where customer_type not in (select customer_type from dds.dim_customer_type));

    insert into dds.dim_gender (gender)
        (select gender from nds.dim_gender where gender not in (select gender from dds.dim_gender));

    insert into dds.dim_product_line (product_line)
        (select product_line from nds.dim_product_line where product_line not in (select product_line from dds.dim_product_line));
    
    insert into dds.dim_payment (payment)
        (select payment from nds.dim_payment where payment not in (select payment from dds.dim_payment));, parameters: None
[2024-07-08T16:10:01.010+0000] {sql.py:496} INFO - Rows affected: 3
[2024-07-08T16:10:01.014+0000] {taskinstance.py:441} INFO - ::group::Post task execution logs
[2024-07-08T16:10:01.026+0000] {taskinstance.py:1206} INFO - Marking task as SUCCESS. dag_id=etl_store, task_id=dds-load, run_id=manual__2024-07-08T16:04:38.338394+00:00, execution_date=20240708T160438, start_date=20240708T161000, end_date=20240708T161001
[2024-07-08T16:10:01.059+0000] {local_task_job_runner.py:240} INFO - Task exited with return code 0
[2024-07-08T16:10:01.084+0000] {taskinstance.py:3503} INFO - 0 downstream tasks scheduled from follow-on schedule check
[2024-07-08T16:10:01.088+0000] {local_task_job_runner.py:222} INFO - ::endgroup::
