[2024-07-08T16:21:30.928+0000] {local_task_job_runner.py:120} INFO - ::group::Pre task execution logs
[2024-07-08T16:21:30.956+0000] {taskinstance.py:2076} INFO - Dependencies all met for dep_context=non-requeueable deps ti=<TaskInstance: etl_store.schema_create manual__2024-07-08T16:18:08.118541+00:00 [queued]>
[2024-07-08T16:21:30.972+0000] {taskinstance.py:2076} INFO - Dependencies all met for dep_context=requeueable deps ti=<TaskInstance: etl_store.schema_create manual__2024-07-08T16:18:08.118541+00:00 [queued]>
[2024-07-08T16:21:30.974+0000] {taskinstance.py:2306} INFO - Starting attempt 2 of 2
[2024-07-08T16:21:31.000+0000] {taskinstance.py:2330} INFO - Executing <Task(PostgresOperator): schema_create> on 2024-07-08 16:18:08.118541+00:00
[2024-07-08T16:21:31.008+0000] {warnings.py:112} WARNING - /home/***/.local/lib/python3.12/site-packages/***/task/task_runner/standard_task_runner.py:61: DeprecationWarning: This process (pid=524) is multi-threaded, use of fork() may lead to deadlocks in the child.
  pid = os.fork()

[2024-07-08T16:21:31.019+0000] {standard_task_runner.py:63} INFO - Started process 526 to run task
[2024-07-08T16:21:31.011+0000] {standard_task_runner.py:90} INFO - Running: ['***', 'tasks', 'run', 'etl_store', 'schema_create', 'manual__2024-07-08T16:18:08.118541+00:00', '--job-id', '52', '--raw', '--subdir', 'DAGS_FOLDER/etl_store.py', '--cfg-path', '/tmp/tmpdinhaeos']
[2024-07-08T16:21:31.022+0000] {standard_task_runner.py:91} INFO - Job 52: Subtask schema_create
[2024-07-08T16:21:31.723+0000] {task_command.py:426} INFO - Running <TaskInstance: etl_store.schema_create manual__2024-07-08T16:18:08.118541+00:00 [running]> on host a58d746d8a30
[2024-07-08T16:21:31.884+0000] {taskinstance.py:2648} INFO - Exporting env vars: AIRFLOW_CTX_DAG_OWNER='***' AIRFLOW_CTX_DAG_ID='etl_store' AIRFLOW_CTX_TASK_ID='schema_create' AIRFLOW_CTX_EXECUTION_DATE='2024-07-08T16:18:08.118541+00:00' AIRFLOW_CTX_TRY_NUMBER='2' AIRFLOW_CTX_DAG_RUN_ID='manual__2024-07-08T16:18:08.118541+00:00'
[2024-07-08T16:21:31.885+0000] {taskinstance.py:430} INFO - ::endgroup::
[2024-07-08T16:21:31.906+0000] {sql.py:276} INFO - Executing: 
    -- Создание схем, если таковых нет
    create schema if not exists nds;
    create schema if not exists dds;
    create schema if not exists stg;
[2024-07-08T16:21:31.931+0000] {base.py:84} INFO - Using connection ID 'postgres-netology' for task execution.
[2024-07-08T16:21:31.948+0000] {base.py:84} INFO - Using connection ID 'postgres-netology' for task execution.
[2024-07-08T16:21:34.150+0000] {sql.py:487} INFO - Running statement: 
    -- Создание схем, если таковых нет
    create schema if not exists nds;
    create schema if not exists dds;
    create schema if not exists stg;, parameters: None
[2024-07-08T16:21:34.161+0000] {taskinstance.py:441} INFO - ::group::Post task execution logs
[2024-07-08T16:21:34.173+0000] {taskinstance.py:1206} INFO - Marking task as SUCCESS. dag_id=etl_store, task_id=schema_create, run_id=manual__2024-07-08T16:18:08.118541+00:00, execution_date=20240708T161808, start_date=20240708T162130, end_date=20240708T162134
[2024-07-08T16:21:34.345+0000] {local_task_job_runner.py:240} INFO - Task exited with return code 0
[2024-07-08T16:21:34.417+0000] {warnings.py:112} WARNING - /home/***/.local/lib/python3.12/site-packages/***/models/baseoperator.py:1297: AirflowProviderDeprecationWarning: Call to deprecated class PostgresOperator. (Please use `***.providers.common.sql.operators.sql.SQLExecuteQueryOperator`.Also, you can provide `hook_params={'schema': <database>}`.)
  result = cls.__new__(cls)

[2024-07-08T16:21:34.478+0000] {taskinstance.py:3503} INFO - 1 downstream tasks scheduled from follow-on schedule check
[2024-07-08T16:21:34.482+0000] {local_task_job_runner.py:222} INFO - ::endgroup::
