[2024-07-08T16:26:40.128+0000] {local_task_job_runner.py:120} INFO - ::group::Pre task execution logs
[2024-07-08T16:26:40.164+0000] {taskinstance.py:2076} INFO - Dependencies all met for dep_context=non-requeueable deps ti=<TaskInstance: etl_store.schema_create manual__2024-07-08T16:18:08.118541+00:00 [queued]>
[2024-07-08T16:26:40.173+0000] {taskinstance.py:2076} INFO - Dependencies all met for dep_context=requeueable deps ti=<TaskInstance: etl_store.schema_create manual__2024-07-08T16:18:08.118541+00:00 [queued]>
[2024-07-08T16:26:40.174+0000] {taskinstance.py:2306} INFO - Starting attempt 5 of 5
[2024-07-08T16:26:40.190+0000] {taskinstance.py:2330} INFO - Executing <Task(PostgresOperator): schema_create> on 2024-07-08 16:18:08.118541+00:00
[2024-07-08T16:26:40.196+0000] {warnings.py:112} WARNING - /home/***/.local/lib/python3.12/site-packages/***/task/task_runner/standard_task_runner.py:61: DeprecationWarning: This process (pid=624) is multi-threaded, use of fork() may lead to deadlocks in the child.
  pid = os.fork()

[2024-07-08T16:26:40.197+0000] {standard_task_runner.py:63} INFO - Started process 626 to run task
[2024-07-08T16:26:40.198+0000] {standard_task_runner.py:90} INFO - Running: ['***', 'tasks', 'run', 'etl_store', 'schema_create', 'manual__2024-07-08T16:18:08.118541+00:00', '--job-id', '64', '--raw', '--subdir', 'DAGS_FOLDER/etl_store.py', '--cfg-path', '/tmp/tmp9blndxyh']
[2024-07-08T16:26:40.200+0000] {standard_task_runner.py:91} INFO - Job 64: Subtask schema_create
[2024-07-08T16:26:40.264+0000] {task_command.py:426} INFO - Running <TaskInstance: etl_store.schema_create manual__2024-07-08T16:18:08.118541+00:00 [running]> on host a58d746d8a30
[2024-07-08T16:26:40.362+0000] {taskinstance.py:2648} INFO - Exporting env vars: AIRFLOW_CTX_DAG_OWNER='***' AIRFLOW_CTX_DAG_ID='etl_store' AIRFLOW_CTX_TASK_ID='schema_create' AIRFLOW_CTX_EXECUTION_DATE='2024-07-08T16:18:08.118541+00:00' AIRFLOW_CTX_TRY_NUMBER='5' AIRFLOW_CTX_DAG_RUN_ID='manual__2024-07-08T16:18:08.118541+00:00'
[2024-07-08T16:26:40.364+0000] {taskinstance.py:430} INFO - ::endgroup::
[2024-07-08T16:26:40.379+0000] {sql.py:276} INFO - Executing: 
    -- Создание схем, если таковых нет
    create schema if not exists nds;
    create schema if not exists dds;
    create schema if not exists stg;
[2024-07-08T16:26:40.393+0000] {base.py:84} INFO - Using connection ID 'postgres-netology' for task execution.
[2024-07-08T16:26:40.404+0000] {base.py:84} INFO - Using connection ID 'postgres-netology' for task execution.
[2024-07-08T16:26:40.423+0000] {sql.py:487} INFO - Running statement: 
    -- Создание схем, если таковых нет
    create schema if not exists nds;
    create schema if not exists dds;
    create schema if not exists stg;, parameters: None
[2024-07-08T16:26:40.429+0000] {taskinstance.py:441} INFO - ::group::Post task execution logs
[2024-07-08T16:26:40.445+0000] {taskinstance.py:1206} INFO - Marking task as SUCCESS. dag_id=etl_store, task_id=schema_create, run_id=manual__2024-07-08T16:18:08.118541+00:00, execution_date=20240708T161808, start_date=20240708T162640, end_date=20240708T162640
[2024-07-08T16:26:40.492+0000] {local_task_job_runner.py:240} INFO - Task exited with return code 0
[2024-07-08T16:26:40.513+0000] {warnings.py:112} WARNING - /home/***/.local/lib/python3.12/site-packages/***/models/baseoperator.py:1297: AirflowProviderDeprecationWarning: Call to deprecated class PostgresOperator. (Please use `***.providers.common.sql.operators.sql.SQLExecuteQueryOperator`.Also, you can provide `hook_params={'schema': <database>}`.)
  result = cls.__new__(cls)

[2024-07-08T16:26:40.538+0000] {taskinstance.py:3503} INFO - 1 downstream tasks scheduled from follow-on schedule check
[2024-07-08T16:26:40.542+0000] {local_task_job_runner.py:222} INFO - ::endgroup::
