[2024-07-08T16:01:04.211+0000] {local_task_job_runner.py:120} INFO - ::group::Pre task execution logs
[2024-07-08T16:01:04.240+0000] {taskinstance.py:2076} INFO - Dependencies all met for dep_context=non-requeueable deps ti=<TaskInstance: etl_store.nds-load manual__2024-07-08T15:57:13.567728+00:00 [queued]>
[2024-07-08T16:01:04.249+0000] {taskinstance.py:2076} INFO - Dependencies all met for dep_context=requeueable deps ti=<TaskInstance: etl_store.nds-load manual__2024-07-08T15:57:13.567728+00:00 [queued]>
[2024-07-08T16:01:04.250+0000] {taskinstance.py:2306} INFO - Starting attempt 2 of 2
[2024-07-08T16:01:04.265+0000] {taskinstance.py:2330} INFO - Executing <Task(PythonOperator): nds-load> on 2024-07-08 15:57:13.567728+00:00
[2024-07-08T16:01:04.272+0000] {warnings.py:112} WARNING - /home/***/.local/lib/python3.12/site-packages/***/task/task_runner/standard_task_runner.py:61: DeprecationWarning: This process (pid=207) is multi-threaded, use of fork() may lead to deadlocks in the child.
  pid = os.fork()

[2024-07-08T16:01:04.274+0000] {standard_task_runner.py:63} INFO - Started process 209 to run task
[2024-07-08T16:01:04.273+0000] {standard_task_runner.py:90} INFO - Running: ['***', 'tasks', 'run', 'etl_store', 'nds-load', 'manual__2024-07-08T15:57:13.567728+00:00', '--job-id', '33', '--raw', '--subdir', 'DAGS_FOLDER/etl_store.py', '--cfg-path', '/tmp/tmpvdgcnvgg']
[2024-07-08T16:01:04.276+0000] {standard_task_runner.py:91} INFO - Job 33: Subtask nds-load
[2024-07-08T16:01:04.334+0000] {task_command.py:426} INFO - Running <TaskInstance: etl_store.nds-load manual__2024-07-08T15:57:13.567728+00:00 [running]> on host a58d746d8a30
[2024-07-08T16:01:04.436+0000] {taskinstance.py:2648} INFO - Exporting env vars: AIRFLOW_CTX_DAG_OWNER='***' AIRFLOW_CTX_DAG_ID='etl_store' AIRFLOW_CTX_TASK_ID='nds-load' AIRFLOW_CTX_EXECUTION_DATE='2024-07-08T15:57:13.567728+00:00' AIRFLOW_CTX_TRY_NUMBER='2' AIRFLOW_CTX_DAG_RUN_ID='manual__2024-07-08T15:57:13.567728+00:00'
[2024-07-08T16:01:04.438+0000] {taskinstance.py:430} INFO - ::endgroup::
[2024-07-08T16:01:04.476+0000] {base.py:84} INFO - Using connection ID 'postgres-netology' for task execution.
[2024-07-08T16:01:04.598+0000] {base.py:84} INFO - Using connection ID 'postgres-netology' for task execution.
[2024-07-08T16:01:04.705+0000] {base.py:84} INFO - Using connection ID 'postgres-netology' for task execution.
[2024-07-08T16:01:04.823+0000] {base.py:84} INFO - Using connection ID 'postgres-netology' for task execution.
[2024-07-08T16:01:04.939+0000] {base.py:84} INFO - Using connection ID 'postgres-netology' for task execution.
[2024-07-08T16:01:05.046+0000] {base.py:84} INFO - Using connection ID 'postgres-netology' for task execution.
[2024-07-08T16:01:05.154+0000] {base.py:84} INFO - Using connection ID 'postgres-netology' for task execution.
[2024-07-08T16:01:05.227+0000] {base.py:84} INFO - Using connection ID 'postgres-netology' for task execution.
[2024-07-08T16:01:05.508+0000] {python.py:237} INFO - Done. Returned value was: None
[2024-07-08T16:01:05.508+0000] {taskinstance.py:441} INFO - ::group::Post task execution logs
[2024-07-08T16:01:05.523+0000] {taskinstance.py:1206} INFO - Marking task as SUCCESS. dag_id=etl_store, task_id=nds-load, run_id=manual__2024-07-08T15:57:13.567728+00:00, execution_date=20240708T155713, start_date=20240708T160104, end_date=20240708T160105
[2024-07-08T16:01:05.572+0000] {local_task_job_runner.py:240} INFO - Task exited with return code 0
[2024-07-08T16:01:05.587+0000] {warnings.py:112} WARNING - /home/***/.local/lib/python3.12/site-packages/***/models/baseoperator.py:1297: AirflowProviderDeprecationWarning: Call to deprecated class PostgresOperator. (Please use `***.providers.common.sql.operators.sql.SQLExecuteQueryOperator`.Also, you can provide `hook_params={'schema': <database>}`.)
  result = cls.__new__(cls)

[2024-07-08T16:01:05.604+0000] {taskinstance.py:3503} INFO - 1 downstream tasks scheduled from follow-on schedule check
[2024-07-08T16:01:05.606+0000] {local_task_job_runner.py:222} INFO - ::endgroup::
